# JRE version: OpenJDK Runtime Environment Homebrew (23.0.2) (build 23.0.2)
# Java VM: OpenJDK 64-Bit Server VM Homebrew (23.0.2, mixed mode, sharing, tiered, compressed oops, compressed class ptrs, g1 gc, bsd-aarch64)
Heap:
 garbage-first heap   total reserved 4718592K, committed 655360K, used 181931K [0x00000006e0000000, 0x0000000800000000)
  region size 4096K, 24 young (98304K), 1 survivors (4096K)
 Metaspace       used 20021K, committed 20416K, reserved 1114112K
  class space    used 2733K, committed 2880K, reserved 1048576K
GC Heap History (20 events):
Event: 42.119 GC heap before
{Heap before GC invocations=19 (full 0):
 garbage-first heap   total reserved 4718592K, committed 655360K, used 480702K [0x00000006e0000000, 0x0000000800000000)
  region size 4096K, 96 young (393216K), 1 survivors (4096K)
 Metaspace       used 19215K, committed 19648K, reserved 1114112K
  class space    used 2630K, committed 2816K, reserved 1048576K
}
Event: 42.119 GC heap after
{Heap after GC invocations=20 (full 0):
 garbage-first heap   total reserved 4718592K, committed 655360K, used 91352K [0x00000006e0000000, 0x0000000800000000)
  region size 4096K, 1 young (4096K), 1 survivors (4096K)
 Metaspace       used 19215K, committed 19648K, reserved 1114112K
  class space    used 2630K, committed 2816K, reserved 1048576K
}
Event: 43.103 GC heap before
{Heap before GC invocations=20 (full 0):
 garbage-first heap   total reserved 4718592K, committed 655360K, used 480472K [0x00000006e0000000, 0x0000000800000000)
  region size 4096K, 96 young (393216K), 1 survivors (4096K)
 Metaspace       used 19227K, committed 19648K, reserved 1114112K
  class space    used 2630K, committed 2816K, reserved 1048576K
}
Event: 43.104 GC heap after
{Heap after GC invocations=21 (full 0):
 garbage-first heap   total reserved 4718592K, committed 655360K, used 91289K [0x00000006e0000000, 0x0000000800000000)
  region size 4096K, 1 young (4096K), 1 survivors (4096K)
 Metaspace       used 19227K, committed 19648K, reserved 1114112K
  class space    used 2630K, committed 2816K, reserved 1048576K
}
Event: 45.691 GC heap before
{Heap before GC invocations=21 (full 0):
 garbage-first heap   total reserved 4718592K, committed 655360K, used 480409K [0x00000006e0000000, 0x0000000800000000)
  region size 4096K, 96 young (393216K), 1 survivors (4096K)
 Metaspace       used 19250K, committed 19648K, reserved 1114112K
  class space    used 2630K, committed 2816K, reserved 1048576K
}
Event: 45.692 GC heap after
{Heap after GC invocations=22 (full 0):
 garbage-first heap   total reserved 4718592K, committed 655360K, used 91364K [0x00000006e0000000, 0x0000000800000000)
  region size 4096K, 1 young (4096K), 1 survivors (4096K)
 Metaspace       used 19250K, committed 19648K, reserved 1114112K
  class space    used 2630K, committed 2816K, reserved 1048576K
}
Event: 47.416 GC heap before
{Heap before GC invocations=22 (full 0):
 garbage-first heap   total reserved 4718592K, committed 655360K, used 480484K [0x00000006e0000000, 0x0000000800000000)
  region size 4096K, 96 young (393216K), 1 survivors (4096K)
 Metaspace       used 19267K, committed 19648K, reserved 1114112K
  class space    used 2630K, committed 2816K, reserved 1048576K
}
Event: 47.417 GC heap after
{Heap after GC invocations=23 (full 0):
 garbage-first heap   total reserved 4718592K, committed 655360K, used 91334K [0x00000006e0000000, 0x0000000800000000)
  region size 4096K, 1 young (4096K), 1 survivors (4096K)
 Metaspace       used 19267K, committed 19648K, reserved 1114112K
  class space    used 2630K, committed 2816K, reserved 1048576K
}
Event: 49.841 GC heap before
{Heap before GC invocations=23 (full 0):
 garbage-first heap   total reserved 4718592K, committed 655360K, used 480454K [0x00000006e0000000, 0x0000000800000000)
  region size 4096K, 96 young (393216K), 1 survivors (4096K)
 Metaspace       used 19324K, committed 19776K, reserved 1114112K
  class space    used 2630K, committed 2816K, reserved 1048576K
}
Event: 49.842 GC heap after
{Heap after GC invocations=24 (full 0):
 garbage-first heap   total reserved 4718592K, committed 655360K, used 91379K [0x00000006e0000000, 0x0000000800000000)
  region size 4096K, 1 young (4096K), 1 survivors (4096K)
 Metaspace       used 19324K, committed 19776K, reserved 1114112K
  class space    used 2630K, committed 2816K, reserved 1048576K
}
Event: 53.176 GC heap before
{Heap before GC invocations=24 (full 0):
 garbage-first heap   total reserved 4718592K, committed 655360K, used 480499K [0x00000006e0000000, 0x0000000800000000)
  region size 4096K, 96 young (393216K), 1 survivors (4096K)
 Metaspace       used 19362K, committed 19776K, reserved 1114112K
  class space    used 2630K, committed 2816K, reserved 1048576K
}
Event: 53.177 GC heap after
{Heap after GC invocations=25 (full 0):
 garbage-first heap   total reserved 4718592K, committed 655360K, used 91547K [0x00000006e0000000, 0x0000000800000000)
  region size 4096K, 1 young (4096K), 1 survivors (4096K)
 Metaspace       used 19362K, committed 19776K, reserved 1114112K
  class space    used 2630K, committed 2816K, reserved 1048576K
}
Event: 55.031 GC heap before
{Heap before GC invocations=25 (full 0):
 garbage-first heap   total reserved 4718592K, committed 655360K, used 480667K [0x00000006e0000000, 0x0000000800000000)
  region size 4096K, 96 young (393216K), 1 survivors (4096K)
 Metaspace       used 19364K, committed 19776K, reserved 1114112K
  class space    used 2630K, committed 2816K, reserved 1048576K
}
Event: 55.032 GC heap after
{Heap after GC invocations=26 (full 0):
 garbage-first heap   total reserved 4718592K, committed 655360K, used 91380K [0x00000006e0000000, 0x0000000800000000)
  region size 4096K, 1 young (4096K), 1 survivors (4096K)
 Metaspace       used 19364K, committed 19776K, reserved 1114112K
  class space    used 2630K, committed 2816K, reserved 1048576K
}
Event: 68.489 GC heap before
{Heap before GC invocations=26 (full 0):
 garbage-first heap   total reserved 4718592K, committed 655360K, used 480500K [0x00000006e0000000, 0x0000000800000000)
  region size 4096K, 96 young (393216K), 1 survivors (4096K)
 Metaspace       used 19463K, committed 19840K, reserved 1114112K
  class space    used 2630K, committed 2816K, reserved 1048576K
}
Event: 68.492 GC heap after
{Heap after GC invocations=27 (full 0):
 garbage-first heap   total reserved 4718592K, committed 655360K, used 91783K [0x00000006e0000000, 0x0000000800000000)
  region size 4096K, 1 young (4096K), 1 survivors (4096K)
 Metaspace       used 19463K, committed 19840K, reserved 1114112K
  class space    used 2630K, committed 2816K, reserved 1048576K
}
Event: 87.856 GC heap before
{Heap before GC invocations=27 (full 0):
 garbage-first heap   total reserved 4718592K, committed 655360K, used 480903K [0x00000006e0000000, 0x0000000800000000)
  region size 4096K, 96 young (393216K), 1 survivors (4096K)
 Metaspace       used 19488K, committed 19904K, reserved 1114112K
  class space    used 2630K, committed 2816K, reserved 1048576K
}
Event: 87.858 GC heap after
{Heap after GC invocations=28 (full 0):
 garbage-first heap   total reserved 4718592K, committed 655360K, used 91982K [0x00000006e0000000, 0x0000000800000000)
  region size 4096K, 1 young (4096K), 1 survivors (4096K)
 Metaspace       used 19488K, committed 19904K, reserved 1114112K
  class space    used 2630K, committed 2816K, reserved 1048576K
}
Event: 93.070 GC heap before
{Heap before GC invocations=28 (full 0):
 garbage-first heap   total reserved 4718592K, committed 655360K, used 481102K [0x00000006e0000000, 0x0000000800000000)
  region size 4096K, 96 young (393216K), 1 survivors (4096K)
 Metaspace       used 19522K, committed 19968K, reserved 1114112K
  class space    used 2630K, committed 2816K, reserved 1048576K
}
Event: 93.071 GC heap after
{Heap after GC invocations=29 (full 0):
 garbage-first heap   total reserved 4718592K, committed 655360K, used 91819K [0x00000006e0000000, 0x0000000800000000)
  region size 4096K, 1 young (4096K), 1 survivors (4096K)
 Metaspace       used 19522K, committed 19968K, reserved 1114112K
  class space    used 2630K, committed 2816K, reserved 1048576K
}

